<?xml version="1.0" encoding="UTF-8"?>
<testng-results ignored="0" total="1" passed="1" failed="0" skipped="0">
  <reporter-output>
  </reporter-output>
  <suite started-at="2023-11-06T15:15:19 WIB" name="Default suite" finished-at="2023-11-06T15:16:11 WIB" duration-ms="52372">
    <groups>
    </groups>
    <test started-at="2023-11-06T15:15:19 WIB" name="Default test" finished-at="2023-11-06T15:16:11 WIB" duration-ms="52372">
      <class name="org.appiumFramework.ecommerce.E2E">
        <test-method is-config="true" signature="ConfigureAppium()[pri:0, instance:org.appiumFramework.ecommerce.E2E@548a24a]" started-at="2023-11-06T15:15:19 WIB" name="ConfigureAppium" finished-at="2023-11-06T15:15:41 WIB" duration-ms="22240" status="PASS">
          <reporter-output>
          </reporter-output>
        </test-method> <!-- ConfigureAppium -->
        <test-method signature="E2E001()[pri:1, instance:org.appiumFramework.ecommerce.E2E@548a24a]" started-at="2023-11-06T15:15:41 WIB" name="E2E001" description="Purchase single, first item" finished-at="2023-11-06T15:16:11 WIB" duration-ms="29281" status="PASS">
          <reporter-output>
          </reporter-output>
        </test-method> <!-- E2E001 -->
        <test-method is-config="true" signature="tearDown()[pri:0, instance:org.appiumFramework.ecommerce.E2E@548a24a]" started-at="2023-11-06T15:16:11 WIB" name="tearDown" finished-at="2023-11-06T15:16:11 WIB" duration-ms="779" status="PASS">
          <reporter-output>
          </reporter-output>
        </test-method> <!-- tearDown -->
      </class> <!-- org.appiumFramework.ecommerce.E2E -->
    </test> <!-- Default test -->
  </suite> <!-- Default suite -->
</testng-results>
