<?xml version="1.0" encoding="UTF-8"?>
<!-- Generated by org.testng.reporters.JUnitXMLReporter -->
<testsuite ignored="0" hostname="DESKTOP-Q9R4LGA" failures="0" tests="3" name="Default test" time="152.848" errors="0" timestamp="2023-11-07T11:43:05 WIB">
  <testcase classname="org.appiumFramework.ecommerce.E2E" name="E2E001" time="32.371"/>
  <testcase classname="org.appiumFramework.ecommerce.E2E" name="E2E002" time="60.234"/>
  <testcase classname="org.appiumFramework.ecommerce.E2E" name="E2E003" time="35.674"/>
</testsuite> <!-- Default test -->
