<?xml version="1.0" encoding="UTF-8"?>
<!-- Generated by org.testng.reporters.JUnitXMLReporter -->
<testsuite ignored="0" hostname="DESKTOP-Q9R4LGA" failures="0" tests="3" name="E2E" time="172.532" errors="0" timestamp="2023-11-07T23:20:04 WIB">
  <testcase classname="org.appiumFramework.ecommerce.E2E" name="E2E001" time="33.58"/>
  <testcase classname="org.appiumFramework.ecommerce.E2E" name="E2E002" time="63.795"/>
  <testcase classname="org.appiumFramework.ecommerce.E2E" name="E2E003" time="37.32"/>
</testsuite> <!-- E2E -->
